<?xml version="1.0" encoding="UTF-8" ?>
<testsuite tests="1" failures="0" name="LoginTest" time="37.313" errors="1" skipped="0">
  <properties>
[...]
</properties>
  <testcase classname="LoginTest" name="testLogin" time="37.313">
    <error message="org/testng/Assert" type="java.lang.NoClassDefFoundError">java.lang.NoClassDefFoundError: org/testng/Assert
	at LoginTest.testLogin(LoginTest.java:30)
	at sun.reflect.NativeMethodAccessorImpl.invoke0(Native Method)
	at sun.reflect.NativeMethodAccessorImpl.invoke(NativeMethodAccessorImpl.java:62)
	at sun.reflect.DelegatingMethodAccessorImpl.invoke(DelegatingMethodAccessorImpl.java:43)
	at java.lang.reflect.Method.invoke(Method.java:483)
	at org.junit.runners.model.FrameworkMethod$1.runReflectiveCall(FrameworkMethod.java:50)
	at org.junit.internal.runners.model.ReflectiveCallable.run(ReflectiveCallable.java:12)
	at org.junit.runners.model.FrameworkMethod.invokeExplosively(FrameworkMethod.java:47)
	at org.junit.internal.runners.statements.InvokeMethod.evaluate(InvokeMethod.java:17)
	at org.junit.runners.ParentRunner.runLeaf(ParentRunner.java:325)
	at org.junit.runners.BlockJUnit4ClassRunner.runChild(BlockJUnit4ClassRunner.java:78)
	at org.junit.runners.BlockJUnit4ClassRunner.runChild(BlockJUnit4ClassRunner.java:57)
	at org.junit.runners.ParentRunner$3.run(ParentRunner.java:290)
	at org.junit.runners.ParentRunner$1.schedule(ParentRunner.java:71)
	at org.junit.runners.ParentRunner.runChildren(ParentRunner.java:288)
	at org.junit.runners.ParentRunner.access$000(ParentRunner.java:58)
	at org.junit.runners.ParentRunner$2.evaluate(ParentRunner.java:268)
	at org.junit.internal.runners.statements.RunBefores.evaluate(RunBefores.java:26)
	at org.junit.internal.runners.statements.RunAfters.evaluate(RunAfters.java:27)
	at org.junit.runners.ParentRunner.run(ParentRunner.java:363)
	at org.apache.maven.surefire.junit4.JUnit4Provider.execute(JUnit4Provider.java:252)
	at org.apache.maven.surefire.junit4.JUnit4Provider.executeTestSet(JUnit4Provider.java:141)
	at org.apache.maven.surefire.junit4.JUnit4Provider.invoke(JUnit4Provider.java:112)
	at sun.reflect.NativeMethodAccessorImpl.invoke0(Native Method)
	at sun.reflect.NativeMethodAccessorImpl.invoke(NativeMethodAccessorImpl.java:62)
	at sun.reflect.DelegatingMethodAccessorImpl.invoke(DelegatingMethodAccessorImpl.java:43)
	at java.lang.reflect.Method.invoke(Method.java:483)
	at org.apache.maven.surefire.util.ReflectionUtils.invokeMethodWithArray(ReflectionUtils.java:189)
	at org.apache.maven.surefire.booter.ProviderFactory$ProviderProxy.invoke(ProviderFactory.java:165)
	at org.apache.maven.surefire.booter.ProviderFactory.invokeProvider(ProviderFactory.java:85)
	at org.apache.maven.surefire.booter.ForkedBooter.runSuitesInProcess(ForkedBooter.java:115)
	at org.apache.maven.surefire.booter.ForkedBooter.main(ForkedBooter.java:75)
Caused by: java.lang.ClassNotFoundException: org.testng.Assert
	at java.net.URLClassLoader$1.run(URLClassLoader.java:372)
	at java.net.URLClassLoader$1.run(URLClassLoader.java:361)
	at java.security.AccessController.doPrivileged(Native Method)
	at java.net.URLClassLoader.findClass(URLClassLoader.java:360)
	at java.lang.ClassLoader.loadClass(ClassLoader.java:424)
	at sun.misc.Launcher$AppClassLoader.loadClass(Launcher.java:308)
	at java.lang.ClassLoader.loadClass(ClassLoader.java:357)
	... 32 more
</error>
    <system-out>2017-05-03 12:36:05,017  INFO [main] (AbstractApplicationContext.java:582) - Refreshing org.springframework.context.annotation.AnnotationConfigApplicationContext@4102b1b1: startup date [Wed May 03 12:36:05 CST 2017]; root of context hierarchy
2017-05-03 12:36:05,354  INFO [main] (AppiumListener.java:94) -  正在查找 By.name: 我的
2017-05-03 12:36:07,790  INFO [main] (AppiumListener.java:99) - 查找控件 By.name: 我的 完成.
2017-05-03 12:36:07,814  INFO [main] (AppiumListener.java:104) - 准备点击控件name: 我的
2017-05-03 12:36:08,464  INFO [main] (AppiumListener.java:109) -  控件点击成功name: 我的
2017-05-03 12:36:08,606  INFO [main] (AppiumListener.java:94) -  正在查找 By.className: android.widget.TextView
2017-05-03 12:36:10,180  INFO [main] (AppiumListener.java:99) - 查找控件 By.className: android.widget.TextView 完成.
2017-05-03 12:36:10,269  INFO [main] (MyScreen.java:39) - 用户未登录
2017-05-03 12:36:10,271  INFO [main] (MyScreen.java:54) - 重置App...
2017-05-03 12:36:18,122  INFO [main] (AppiumListener.java:94) -  正在查找 By.name: 我的
2017-05-03 12:36:22,643  INFO [main] (AppiumListener.java:99) - 查找控件 By.name: 我的 完成.
2017-05-03 12:36:22,667  INFO [main] (AppiumListener.java:104) - 准备点击控件name: 我的
2017-05-03 12:36:23,100  INFO [main] (AppiumListener.java:109) -  控件点击成功name: 我的
2017-05-03 12:36:23,103  INFO [main] (MyScreen.java:69) - 进入登录页面
2017-05-03 12:36:23,150  INFO [main] (AppiumListener.java:94) -  正在查找 Locator map: 
- native content: &quot;By.className: android.widget.ImageView&quot; 
- html content: &quot;by id or name &quot;loginButton&quot;&quot;
2017-05-03 12:36:24,941  INFO [main] (AppiumListener.java:99) - 查找控件 Locator map: 
- native content: &quot;By.className: android.widget.ImageView&quot; 
- html content: &quot;by id or name &quot;loginButton&quot;&quot; 完成.
2017-05-03 12:36:24,972  INFO [main] (AppiumListener.java:104) - 准备点击控件class name: android.widget.ImageView
2017-05-03 12:36:25,627  INFO [main] (AppiumListener.java:109) -  控件点击成功class name: android.widget.ImageView
2017-05-03 12:36:25,694  INFO [main] (AppiumListener.java:94) -  正在查找 Locator map: 
- native content: &quot;By.className: android.widget.EditText&quot; 
- html content: &quot;by id or name &quot;accountEditText&quot;&quot;
2017-05-03 12:36:26,338  INFO [main] (AppiumListener.java:99) - 查找控件 Locator map: 
- native content: &quot;By.className: android.widget.EditText&quot; 
- html content: &quot;by id or name &quot;accountEditText&quot;&quot; 完成.
2017-05-03 12:36:26,432  INFO [main] (AppiumListener.java:94) -  正在查找 Locator map: 
- native content: &quot;By.className: android.widget.EditText&quot; 
- html content: &quot;by id or name &quot;accountEditText&quot;&quot;
2017-05-03 12:36:26,592  INFO [main] (AppiumListener.java:99) - 查找控件 Locator map: 
- native content: &quot;By.className: android.widget.EditText&quot; 
- html content: &quot;by id or name &quot;accountEditText&quot;&quot; 完成.
2017-05-03 12:36:26,619  INFO [main] (AppiumListener.java:120) - 改变控件数值成功class name: android.widget.EditText
2017-05-03 12:36:31,848  INFO [main] (AppiumListener.java:125) - 控件值已改变class name: android.widget.EditText
2017-05-03 12:36:31,889  INFO [main] (AppiumListener.java:94) -  正在查找 Locator map: 
- native content: &quot;By.className: android.widget.EditText&quot; 
- html content: &quot;by id or name &quot;passwordEditText&quot;&quot;
2017-05-03 12:36:32,497  INFO [main] (AppiumListener.java:99) - 查找控件 Locator map: 
- native content: &quot;By.className: android.widget.EditText&quot; 
- html content: &quot;by id or name &quot;passwordEditText&quot;&quot; 完成.
2017-05-03 12:36:32,577  INFO [main] (AppiumListener.java:94) -  正在查找 Locator map: 
- native content: &quot;By.className: android.widget.EditText&quot; 
- html content: &quot;by id or name &quot;passwordEditText&quot;&quot;
2017-05-03 12:36:32,748  INFO [main] (AppiumListener.java:99) - 查找控件 Locator map: 
- native content: &quot;By.className: android.widget.EditText&quot; 
- html content: &quot;by id or name &quot;passwordEditText&quot;&quot; 完成.
2017-05-03 12:36:32,785  INFO [main] (AppiumListener.java:120) - 改变控件数值成功class name: android.widget.EditText
2017-05-03 12:36:37,846  INFO [main] (AppiumListener.java:125) - 控件值已改变class name: android.widget.EditText
2017-05-03 12:36:37,901  INFO [main] (AppiumListener.java:94) -  正在查找 Locator map: 
- native content: &quot;By.className: android.widget.Button&quot; 
- html content: &quot;by id or name &quot;loginButton&quot;&quot;
2017-05-03 12:36:38,456  INFO [main] (AppiumListener.java:99) - 查找控件 Locator map: 
- native content: &quot;By.className: android.widget.Button&quot; 
- html content: &quot;by id or name &quot;loginButton&quot;&quot; 完成.
2017-05-03 12:36:38,556  INFO [main] (AppiumListener.java:94) -  正在查找 Locator map: 
- native content: &quot;By.className: android.widget.Button&quot; 
- html content: &quot;by id or name &quot;loginButton&quot;&quot;
2017-05-03 12:36:38,734  INFO [main] (AppiumListener.java:99) - 查找控件 Locator map: 
- native content: &quot;By.className: android.widget.Button&quot; 
- html content: &quot;by id or name &quot;loginButton&quot;&quot; 完成.
2017-05-03 12:36:39,036  INFO [main] (AppiumListener.java:94) -  正在查找 Locator map: 
- native content: &quot;By.className: android.widget.Button&quot; 
- html content: &quot;by id or name &quot;loginButton&quot;&quot;
2017-05-03 12:36:39,160  INFO [main] (AppiumListener.java:99) - 查找控件 Locator map: 
- native content: &quot;By.className: android.widget.Button&quot; 
- html content: &quot;by id or name &quot;loginButton&quot;&quot; 完成.
2017-05-03 12:36:39,243  INFO [main] (AppiumListener.java:94) -  正在查找 Locator map: 
- native content: &quot;By.className: android.widget.Button&quot; 
- html content: &quot;by id or name &quot;loginButton&quot;&quot;
2017-05-03 12:36:39,306  INFO [main] (AppiumListener.java:99) - 查找控件 Locator map: 
- native content: &quot;By.className: android.widget.Button&quot; 
- html content: &quot;by id or name &quot;loginButton&quot;&quot; 完成.
2017-05-03 12:36:39,332  INFO [main] (AppiumListener.java:104) - 准备点击控件class name: android.widget.Button
2017-05-03 12:36:39,737  INFO [main] (AppiumListener.java:109) -  控件点击成功class name: android.widget.Button
2017-05-03 12:36:39,787  INFO [main] (AppiumListener.java:94) -  正在查找 By.className: android.widget.TextView
2017-05-03 12:36:42,545  INFO [main] (AppiumListener.java:99) - 查找控件 By.className: android.widget.TextView 完成.
</system-out>
  </testcase>
</testsuite>