<?xml version="1.0" encoding="UTF-8" ?>
<testsuite tests="1" failures="0" name="LogoutTest" time="17.283" errors="1" skipped="0">
  <properties>
[...]
</properties>
  <testcase classname="LogoutTest" name="testLogout" time="17.283">
    <error message="Index: 0, Size: 0" type="java.lang.IndexOutOfBoundsException">java.lang.IndexOutOfBoundsException: Index: 0, Size: 0
	at java.util.ArrayList.rangeCheck(ArrayList.java:653)
	at java.util.ArrayList.get(ArrayList.java:429)
	at sun.reflect.NativeMethodAccessorImpl.invoke0(Native Method)
	at sun.reflect.NativeMethodAccessorImpl.invoke(NativeMethodAccessorImpl.java:62)
	at sun.reflect.DelegatingMethodAccessorImpl.invoke(DelegatingMethodAccessorImpl.java:43)
	at java.lang.reflect.Method.invoke(Method.java:483)
	at io.appium.java_client.pagefactory.ElementListInterceptor.getObject(ElementListInterceptor.java:40)
	at io.appium.java_client.pagefactory.interceptors.InterceptorOfAListOfElements.intercept(InterceptorOfAListOfElements.java:51)
	at $java.util.ArrayList$$EnhancerByCGLIB$$c0a2d785.get(&lt;generated&gt;)
	at screen.LoginScreen.login(LoginScreen.java:29)
	at LogoutTest.setUp(LogoutTest.java:21)
	at sun.reflect.NativeMethodAccessorImpl.invoke0(Native Method)
	at sun.reflect.NativeMethodAccessorImpl.invoke(NativeMethodAccessorImpl.java:62)
	at sun.reflect.DelegatingMethodAccessorImpl.invoke(DelegatingMethodAccessorImpl.java:43)
	at java.lang.reflect.Method.invoke(Method.java:483)
	at org.junit.runners.model.FrameworkMethod$1.runReflectiveCall(FrameworkMethod.java:50)
	at org.junit.internal.runners.model.ReflectiveCallable.run(ReflectiveCallable.java:12)
	at org.junit.runners.model.FrameworkMethod.invokeExplosively(FrameworkMethod.java:47)
	at org.junit.internal.runners.statements.RunBefores.evaluate(RunBefores.java:24)
	at org.junit.runners.ParentRunner.runLeaf(ParentRunner.java:325)
	at org.junit.runners.BlockJUnit4ClassRunner.runChild(BlockJUnit4ClassRunner.java:78)
	at org.junit.runners.BlockJUnit4ClassRunner.runChild(BlockJUnit4ClassRunner.java:57)
	at org.junit.runners.ParentRunner$3.run(ParentRunner.java:290)
	at org.junit.runners.ParentRunner$1.schedule(ParentRunner.java:71)
	at org.junit.runners.ParentRunner.runChildren(ParentRunner.java:288)
	at org.junit.runners.ParentRunner.access$000(ParentRunner.java:58)
	at org.junit.runners.ParentRunner$2.evaluate(ParentRunner.java:268)
	at org.junit.internal.runners.statements.RunBefores.evaluate(RunBefores.java:26)
	at org.junit.internal.runners.statements.RunAfters.evaluate(RunAfters.java:27)
	at org.junit.runners.ParentRunner.run(ParentRunner.java:363)
	at org.apache.maven.surefire.junit4.JUnit4Provider.execute(JUnit4Provider.java:252)
	at org.apache.maven.surefire.junit4.JUnit4Provider.executeTestSet(JUnit4Provider.java:141)
	at org.apache.maven.surefire.junit4.JUnit4Provider.invoke(JUnit4Provider.java:112)
	at sun.reflect.NativeMethodAccessorImpl.invoke0(Native Method)
	at sun.reflect.NativeMethodAccessorImpl.invoke(NativeMethodAccessorImpl.java:62)
	at sun.reflect.DelegatingMethodAccessorImpl.invoke(DelegatingMethodAccessorImpl.java:43)
	at java.lang.reflect.Method.invoke(Method.java:483)
	at org.apache.maven.surefire.util.ReflectionUtils.invokeMethodWithArray(ReflectionUtils.java:189)
	at org.apache.maven.surefire.booter.ProviderFactory$ProviderProxy.invoke(ProviderFactory.java:165)
	at org.apache.maven.surefire.booter.ProviderFactory.invokeProvider(ProviderFactory.java:85)
	at org.apache.maven.surefire.booter.ForkedBooter.runSuitesInProcess(ForkedBooter.java:115)
	at org.apache.maven.surefire.booter.ForkedBooter.main(ForkedBooter.java:75)
</error>
    <system-out>2017-05-03 12:36:53,312  INFO [main] (AbstractApplicationContext.java:582) - Refreshing org.springframework.context.annotation.AnnotationConfigApplicationContext@7be7e15: startup date [Wed May 03 12:36:53 CST 2017]; root of context hierarchy
2017-05-03 12:37:00,467  INFO [main] (AppiumListener.java:94) -  正在查找 By.name: 我的
2017-05-03 12:37:03,946  INFO [main] (AppiumListener.java:99) - 查找控件 By.name: 我的 完成.
2017-05-03 12:37:03,977  INFO [main] (AppiumListener.java:104) - 准备点击控件name: 我的
2017-05-03 12:37:04,473  INFO [main] (AppiumListener.java:109) -  控件点击成功name: 我的
2017-05-03 12:37:04,525  INFO [main] (AppiumListener.java:94) -  正在查找 By.xpath: //android.widget.ScrollView/android.widget.LinearLayout/android.widget.RelativeLayout
2017-05-03 12:37:05,097  INFO [main] (AppiumListener.java:99) - 查找控件 By.xpath: //android.widget.ScrollView/android.widget.LinearLayout/android.widget.RelativeLayout 完成.
2017-05-03 12:37:05,120  INFO [main] (AppiumListener.java:104) - 准备点击控件xpath: //android.widget.ScrollView/android.widget.LinearLayout/android.widget.RelativeLayout
2017-05-03 12:37:08,341  INFO [main] (AppiumListener.java:109) -  控件点击成功xpath: //android.widget.ScrollView/android.widget.LinearLayout/android.widget.RelativeLayout
2017-05-03 12:37:08,392  INFO [main] (AppiumListener.java:94) -  正在查找 Locator map: 
- native content: &quot;By.className: android.widget.EditText&quot; 
- html content: &quot;by id or name &quot;accountEditText&quot;&quot;
2017-05-03 12:37:10,740  INFO [main] (AppiumListener.java:99) - 查找控件 Locator map: 
- native content: &quot;By.className: android.widget.EditText&quot; 
- html content: &quot;by id or name &quot;accountEditText&quot;&quot; 完成.
</system-out>
  </testcase>
</testsuite>